<?xml version="1.0" encoding="UTF-8"?>
<!-- Generated by org.testng.reporters.JUnitXMLReporter -->
<testsuite ignored="0" hostname="Shail-Dell-PC" failures="1" tests="3" name="C:/Users/psnar/IdeaProjects/org.SamrBazar.com" time="54.685" errors="0" timestamp="2023-03-12T15:28:37 GMT">
  <testcase classname="io.cucumber.testng.AbstractTestNGCucumberTests" name="runScenario" time="12.654">
    <failure type="java.lang.AssertionError" message="expected [https://smartbazaar.co.com/] but found [Smartbazaar – World of Asian Foods]">
      <![CDATA[java.lang.AssertionError: expected [https://smartbazaar.co.com/] but found [Smartbazaar – World of Asian Foods]
at org.testng.Assert.fail(Assert.java:110)
at org.testng.Assert.failNotEquals(Assert.java:1577)
at org.testng.Assert.assertEqualsImpl(Assert.java:149)
at org.testng.Assert.assertEquals(Assert.java:131)
at org.testng.Assert.assertEquals(Assert.java:655)
at org.testng.Assert.assertEquals(Assert.java:665)
at StepDefinition.TestCase.user_verifies_the_title_of_the_application(TestCase.java:29)
at ✽.User verifies the title of the application(file:///C:/Users/psnar/IdeaProjects/org.SamrBazar.com/src/test/resources/Feature/TestCase.feature:6)
]]>
    </failure>
  </testcase> <!-- runScenario -->
  <testcase classname="io.cucumber.testng.AbstractTestNGCucumberTests" name="runScenario" time="20.455"/>
  <testcase classname="io.cucumber.testng.AbstractTestNGCucumberTests" name="runScenario" time="19.925"/>
</testsuite> <!-- C:/Users/psnar/IdeaProjects/org.SamrBazar.com -->
