<?xml version="1.0" encoding="UTF-8"?>
<testng-results ignored="0" total="3" passed="2" failed="1" skipped="0">
  <reporter-output>
  </reporter-output>
  <suite started-at="2023-03-12T15:27:43 GMT" name="All Test Suite" finished-at="2023-03-12T15:28:37 GMT" duration-ms="54685">
    <groups>
      <group name="cucumber">
        <method signature="AbstractTestNGCucumberTests.runScenario(io.cucumber.testng.PickleWrapper,io.cucumber.testng.FeatureWrapper)[pri:0, instance:TestRuner.TestRunner1@4f0f2942]" name="runScenario" class="io.cucumber.testng.AbstractTestNGCucumberTests"/>
        <method signature="AbstractTestNGCucumberTests.runScenario(io.cucumber.testng.PickleWrapper,io.cucumber.testng.FeatureWrapper)[pri:0, instance:TestRuner.TestRunner@5db6b9cd]" name="runScenario" class="io.cucumber.testng.AbstractTestNGCucumberTests"/>
      </group> <!-- cucumber -->
    </groups>
    <test started-at="2023-03-12T15:27:43 GMT" name="C:/Users/psnar/IdeaProjects/org.SamrBazar.com" finished-at="2023-03-12T15:28:37 GMT" duration-ms="54685">
      <class name="TestRuner.TestRunner">
        <test-method is-config="true" signature="setUpClass(org.testng.ITestContext)[pri:0, instance:TestRuner.TestRunner@5db6b9cd]" started-at="2023-03-12T15:27:43 GMT" name="setUpClass" finished-at="2023-03-12T15:27:44 GMT" duration-ms="976" status="PASS">
          <params>
            <param index="0">
              <value>
                <![CDATA[org.testng.TestRunner@4052b19f]]>
              </value>
            </param>
          </params>
          <reporter-output>
          </reporter-output>
        </test-method> <!-- setUpClass -->
        <test-method signature="runScenario(io.cucumber.testng.PickleWrapper,io.cucumber.testng.FeatureWrapper)[pri:0, instance:TestRuner.TestRunner@5db6b9cd]" started-at="2023-03-12T15:27:44 GMT" name="runScenario" description="Runs Cucumber Scenarios" data-provider="scenarios" finished-at="2023-03-12T15:27:56 GMT" duration-ms="12654" status="FAIL">
          <params>
            <param index="0">
              <value>
                <![CDATA["User wants to check whether application is working or not"]]>
              </value>
            </param>
            <param index="1">
              <value>
                <![CDATA["Checking the Title of application"]]>
              </value>
            </param>
          </params>
          <exception class="java.lang.AssertionError">
            <message>
              <![CDATA[expected [https://smartbazaar.co.com/] but found [Smartbazaar – World of Asian Foods]]]>
            </message>
            <full-stacktrace>
              <![CDATA[java.lang.AssertionError: expected [https://smartbazaar.co.com/] but found [Smartbazaar – World of Asian Foods]
at org.testng.Assert.fail(Assert.java:110)
at org.testng.Assert.failNotEquals(Assert.java:1577)
at org.testng.Assert.assertEqualsImpl(Assert.java:149)
at org.testng.Assert.assertEquals(Assert.java:131)
at org.testng.Assert.assertEquals(Assert.java:655)
at org.testng.Assert.assertEquals(Assert.java:665)
at StepDefinition.TestCase.user_verifies_the_title_of_the_application(TestCase.java:29)
at ✽.User verifies the title of the application(file:///C:/Users/psnar/IdeaProjects/org.SamrBazar.com/src/test/resources/Feature/TestCase.feature:6)
]]>
            </full-stacktrace>
          </exception> <!-- java.lang.AssertionError -->
          <reporter-output>
          </reporter-output>
        </test-method> <!-- runScenario -->
        <test-method is-config="true" signature="tearDownClass()[pri:0, instance:TestRuner.TestRunner@5db6b9cd]" started-at="2023-03-12T15:27:57 GMT" name="tearDownClass" finished-at="2023-03-12T15:27:57 GMT" duration-ms="260" status="PASS">
          <reporter-output>
          </reporter-output>
        </test-method> <!-- tearDownClass -->
      </class> <!-- TestRuner.TestRunner -->
      <class name="TestRuner.TestRunner1">
        <test-method is-config="true" signature="setUpClass(org.testng.ITestContext)[pri:0, instance:TestRuner.TestRunner1@4f0f2942]" started-at="2023-03-12T15:27:57 GMT" name="setUpClass" finished-at="2023-03-12T15:27:57 GMT" duration-ms="167" status="PASS">
          <params>
            <param index="0">
              <value>
                <![CDATA[org.testng.TestRunner@4052b19f]]>
              </value>
            </param>
          </params>
          <reporter-output>
          </reporter-output>
        </test-method> <!-- setUpClass -->
        <test-method signature="runScenario(io.cucumber.testng.PickleWrapper,io.cucumber.testng.FeatureWrapper)[pri:0, instance:TestRuner.TestRunner1@4f0f2942]" started-at="2023-03-12T15:27:57 GMT" name="runScenario" description="Runs Cucumber Scenarios" data-provider="scenarios" finished-at="2023-03-12T15:28:17 GMT" duration-ms="20455" status="PASS">
          <params>
            <param index="0">
              <value>
                <![CDATA["User wants to check the functionality of Search Box"]]>
              </value>
            </param>
            <param index="1">
              <value>
                <![CDATA["checking for Search functionality"]]>
              </value>
            </param>
          </params>
          <reporter-output>
          </reporter-output>
        </test-method> <!-- runScenario -->
        <test-method signature="runScenario(io.cucumber.testng.PickleWrapper,io.cucumber.testng.FeatureWrapper)[pri:0, instance:TestRuner.TestRunner1@4f0f2942]" started-at="2023-03-12T15:28:17 GMT" name="runScenario" description="Runs Cucumber Scenarios" data-provider="scenarios" finished-at="2023-03-12T15:28:37 GMT" duration-ms="19925" status="PASS">
          <params>
            <param index="0">
              <value>
                <![CDATA["User wants to check the functionality of Search Box"]]>
              </value>
            </param>
            <param index="1">
              <value>
                <![CDATA["checking for Search functionality"]]>
              </value>
            </param>
          </params>
          <reporter-output>
          </reporter-output>
        </test-method> <!-- runScenario -->
        <test-method is-config="true" signature="tearDownClass()[pri:0, instance:TestRuner.TestRunner1@4f0f2942]" started-at="2023-03-12T15:28:37 GMT" name="tearDownClass" finished-at="2023-03-12T15:28:37 GMT" duration-ms="115" status="PASS">
          <reporter-output>
          </reporter-output>
        </test-method> <!-- tearDownClass -->
      </class> <!-- TestRuner.TestRunner1 -->
    </test> <!-- C:/Users/psnar/IdeaProjects/org.SamrBazar.com -->
  </suite> <!-- All Test Suite -->
</testng-results>
