<?xml version="1.0" encoding="UTF-8"?>
<!-- Generated by org.testng.reporters.JUnitXMLReporter -->
<testsuite ignored="0" hostname="Shail-Dell-PC" failures="1" tests="1" name="org.SamrBazar.com" time="15.003" errors="0" timestamp="2023-03-11T14:56:16 GMT">
  <testcase classname="io.cucumber.testng.AbstractTestNGCucumberTests" name="runScenario" time="13.33">
    <failure type="java.lang.AssertionError" message="expected [https://smartbazaar.co.com/] but found [Smartbazaar – World of Asian Foods]">
      <![CDATA[java.lang.AssertionError: expected [https://smartbazaar.co.com/] but found [Smartbazaar – World of Asian Foods]
at StepDefinition.TestCase.user_verifies_the_title_of_the_application(TestCase.java:29)
at ✽.User verifies the title of the application(file:///C:/Users/psnar/IdeaProjects/org.SamrBazar.com/src/test/resources/Feature/TestCase.feature:6)
... Removed 6 stack frames]]>
    </failure>
  </testcase> <!-- runScenario -->
</testsuite> <!-- org.SamrBazar.com -->
